<?xml version="1.0" encoding="UTF-8"?>
<testsuite xmlns:xsi="http://www.w3.org/2001/XMLSchema-instance" xsi:noNamespaceSchemaLocation="https://maven.apache.org/surefire/maven-surefire-plugin/xsd/surefire-test-report-3.0.xsd" version="3.0" name="com.talant.heapsort.HeapSortTest" time="0.043" tests="6" errors="0" skipped="0" failures="0">
  <properties>
[...]
</properties>
  <testcase name="testDuplicates" classname="com.talant.heapsort.HeapSortTest" time="0.005"/>
  <testcase name="testSingleElement" classname="com.talant.heapsort.HeapSortTest" time="0.0"/>
  <testcase name="testEmptyArray" classname="com.talant.heapsort.HeapSortTest" time="0.0"/>
  <testcase name="testSort" classname="com.talant.heapsort.HeapSortTest" time="0.0"/>
  <testcase name="testReverseSorted" classname="com.talant.heapsort.HeapSortTest" time="0.0"/>
  <testcase name="testNearlySorted" classname="com.talant.heapsort.HeapSortTest" time="0.0"/>
</testsuite>